[Python]
/usr4/cs790/hyx0516/myenv/bin/python
Python 3.12.12
[CUDA_VISIBLE_DEVICES] 0,1
==========================================================================================
[Device setup]
torch.cuda.is_available(): True
GPU count: 2
Using device: cuda
CUDA_VISIBLE_DEVICES: 0,1
GPU 0: NVIDIA RTX A6000
GPU 1: NVIDIA RTX A6000
==========================================================================================
==========================================================================================
Final Fixed 4-Experiment Classifier
==========================================================================================
Joint type:              DIP
Excel path:              /usr4/cs790/hyx0516/Desktop/CS790/hand.xlsx
Real image dir:          /usr4/cs790/hyx0516/Desktop/CS790/Finger Joints
CVAE gen root:           /usr4/cs790/hyx0516/Desktop/CS790/output_sharp_unet_cvae_dip_only_dp/generated
Output dir:              /usr4/cs790/hyx0516/Desktop/CS790/results_4exp_balanced/DIP
Experiments:             ['baseline', 'traditional', 'cvae', 'combined']
Baseline total/class:    171
Baseline ratios:         0.7/0.15/0.15
CVAE train/val/test:     190/40/40
==========================================================================================
[Real] usable images: 13192
[Real] skipped images: 7
[Real] first few skipped files:
  ('9057192_dip5.png', 'missing_kl_for_DIP5')
  ('9065926_dip5.png', 'missing_kl_for_DIP5')
  ('9076879_dip5.png', 'missing_kl_for_DIP5')
  ('9167275_dip5.png', 'missing_kl_for_DIP5')
  ('9258662_dip5.png', 'missing_kl_for_DIP5')
  ('9412037_dip5.png', 'missing_kl_for_DIP5')
  ('9959748_dip5.png', 'missing_kl_for_DIP5')

[Real] Distribution: joint_type x KL
  DIP: KL0=8487, KL1=1774, KL2=2545, KL3=215, KL4=171

[Baseline/Traditional split summary]
  KL0: train_real=119, val_real=26, test_real=26
  KL1: train_real=119, val_real=26, test_real=26
  KL2: train_real=119, val_real=26, test_real=26
  KL3: train_real=119, val_real=26, test_real=26
  KL4: train_real=119, val_real=26, test_real=26

[CVAE/Combined split summary]
  KL0: train_real=190, val_real=40, test_real=40
  KL1: train_real=190, val_real=40, test_real=40
  KL2: train_real=190, val_real=40, test_real=40
  KL3: train_real=135, val_real=40, test_real=40
  KL4: train_real=91, val_real=40, test_real=40

==========================================================================================
Experiment: baseline
==========================================================================================
[Composition]
  KL0: train(real=119, gen=0) | val(real=26) | test(real=26)
  KL1: train(real=119, gen=0) | val(real=26) | test(real=26)
  KL2: train(real=119, gen=0) | val(real=26) | test(real=26)
  KL3: train(real=119, gen=0) | val(real=26) | test(real=26)
  KL4: train(real=119, gen=0) | val(real=26) | test(real=26)
[Train label counts]
  KL0: 119
  KL1: 119
  KL2: 119
  KL3: 119
  KL4: 119
[CE class weights] [1.0, 1.0, 1.0, 1.0, 1.0]
[Sampler] Using WeightedRandomSampler
[Multi-GPU] Enabling DataParallel on 2 GPUs
Epoch 001/30 | train_loss=1.5304 | train_acc=0.3244 | val_bacc=0.2154 | val_f1_macro=0.1709 | val_acc=0.2154
Epoch 005/30 | train_loss=0.3235 | train_acc=0.9429 | val_bacc=0.3231 | val_f1_macro=0.2711 | val_acc=0.3231
Epoch 010/30 | train_loss=0.0451 | train_acc=0.9983 | val_bacc=0.3462 | val_f1_macro=0.3302 | val_acc=0.3462
Epoch 015/30 | train_loss=0.0216 | train_acc=0.9983 | val_bacc=0.3846 | val_f1_macro=0.3742 | val_acc=0.3846
Epoch 020/30 | train_loss=0.0144 | train_acc=0.9983 | val_bacc=0.4154 | val_f1_macro=0.4033 | val_acc=0.4154
Epoch 025/30 | train_loss=0.0096 | train_acc=1.0000 | val_bacc=0.3846 | val_f1_macro=0.3772 | val_acc=0.3846
Epoch 030/30 | train_loss=0.0110 | train_acc=0.9983 | val_bacc=0.3846 | val_f1_macro=0.3777 | val_acc=0.3846

[Test evaluation]
Balanced Accuracy: 0.4462
F1 Macro:          0.4460
Accuracy:          0.4462
MAE:               0.7231
F1 per class:      ['0.4878', '0.4255', '0.4000', '0.3922', '0.5246']

Classification Report:
              precision    recall  f1-score   support

         KL0       0.67      0.38      0.49        26
         KL1       0.48      0.38      0.43        26
         KL2       0.35      0.46      0.40        26
         KL3       0.40      0.38      0.39        26
         KL4       0.46      0.62      0.52        26

    accuracy                           0.45       130
   macro avg       0.47      0.45      0.45       130
weighted avg       0.47      0.45      0.45       130


==========================================================================================
Experiment: traditional
==========================================================================================
[Composition]
  KL0: train(real=119, gen=0) | val(real=26) | test(real=26)
  KL1: train(real=119, gen=0) | val(real=26) | test(real=26)
  KL2: train(real=119, gen=0) | val(real=26) | test(real=26)
  KL3: train(real=119, gen=0) | val(real=26) | test(real=26)
  KL4: train(real=119, gen=0) | val(real=26) | test(real=26)
[Train label counts]
  KL0: 119
  KL1: 119
  KL2: 119
  KL3: 119
  KL4: 119
[CE class weights] [1.0, 1.0, 1.0, 1.0, 1.0]
[Sampler] Using WeightedRandomSampler
[Multi-GPU] Enabling DataParallel on 2 GPUs
Epoch 001/30 | train_loss=1.6827 | train_acc=0.2303 | val_bacc=0.2077 | val_f1_macro=0.1498 | val_acc=0.2077
Epoch 005/30 | train_loss=1.0499 | train_acc=0.5849 | val_bacc=0.3308 | val_f1_macro=0.2436 | val_acc=0.3308
Epoch 010/30 | train_loss=0.6954 | train_acc=0.7462 | val_bacc=0.4385 | val_f1_macro=0.3970 | val_acc=0.4385
Epoch 015/30 | train_loss=0.5220 | train_acc=0.8403 | val_bacc=0.4308 | val_f1_macro=0.4397 | val_acc=0.4308
Epoch 020/30 | train_loss=0.3861 | train_acc=0.8807 | val_bacc=0.4692 | val_f1_macro=0.4623 | val_acc=0.4692
Epoch 025/30 | train_loss=0.3201 | train_acc=0.9092 | val_bacc=0.4846 | val_f1_macro=0.4818 | val_acc=0.4846
Epoch 030/30 | train_loss=0.2920 | train_acc=0.9176 | val_bacc=0.4923 | val_f1_macro=0.4899 | val_acc=0.4923

[Test evaluation]
Balanced Accuracy: 0.4923
F1 Macro:          0.4895
Accuracy:          0.4923
MAE:               0.6615
F1 per class:      ['0.6000', '0.3182', '0.4407', '0.5172', '0.5714']

Classification Report:
              precision    recall  f1-score   support

         KL0       0.62      0.58      0.60        26
         KL1       0.39      0.27      0.32        26
         KL2       0.39      0.50      0.44        26
         KL3       0.47      0.58      0.52        26
         KL4       0.61      0.54      0.57        26

    accuracy                           0.49       130
   macro avg       0.50      0.49      0.49       130
weighted avg       0.50      0.49      0.49       130


==========================================================================================
Experiment: cvae
==========================================================================================
[Composition]
  KL0: train(real=190, gen=0) | val(real=40) | test(real=40)
  KL1: train(real=190, gen=0) | val(real=40) | test(real=40)
  KL2: train(real=190, gen=0) | val(real=40) | test(real=40)
  KL3: train(real=135, gen=55) | val(real=40) | test(real=40)
  KL4: train(real=91, gen=99) | val(real=40) | test(real=40)
[Train label counts]
  KL0: 190
  KL1: 190
  KL2: 190
  KL3: 190
  KL4: 190
[CE class weights] [1.0, 1.0, 1.0, 1.0, 1.0]
[Sampler] Using WeightedRandomSampler
[Multi-GPU] Enabling DataParallel on 2 GPUs
Epoch 001/30 | train_loss=1.3693 | train_acc=0.4316 | val_bacc=0.2250 | val_f1_macro=0.1762 | val_acc=0.2250
Epoch 005/30 | train_loss=0.2055 | train_acc=0.9653 | val_bacc=0.3650 | val_f1_macro=0.3507 | val_acc=0.3650
Epoch 010/30 | train_loss=0.0290 | train_acc=0.9958 | val_bacc=0.5200 | val_f1_macro=0.5196 | val_acc=0.5200
Epoch 015/30 | train_loss=0.0152 | train_acc=0.9989 | val_bacc=0.5350 | val_f1_macro=0.5335 | val_acc=0.5350
Epoch 020/30 | train_loss=0.0067 | train_acc=1.0000 | val_bacc=0.5300 | val_f1_macro=0.5321 | val_acc=0.5300
Epoch 025/30 | train_loss=0.0074 | train_acc=0.9979 | val_bacc=0.5100 | val_f1_macro=0.5060 | val_acc=0.5100
Epoch 030/30 | train_loss=0.0060 | train_acc=1.0000 | val_bacc=0.5350 | val_f1_macro=0.5362 | val_acc=0.5350

[Test evaluation]
Balanced Accuracy: 0.4850
F1 Macro:          0.4876
Accuracy:          0.4850
MAE:               0.6600
F1 per class:      ['0.5432', '0.3171', '0.4598', '0.4865', '0.6316']

Classification Report:
              precision    recall  f1-score   support

         KL0       0.54      0.55      0.54        40
         KL1       0.31      0.33      0.32        40
         KL2       0.43      0.50      0.46        40
         KL3       0.53      0.45      0.49        40
         KL4       0.67      0.60      0.63        40

    accuracy                           0.48       200
   macro avg       0.49      0.48      0.49       200
weighted avg       0.49      0.48      0.49       200


==========================================================================================
Experiment: combined
==========================================================================================
[Composition]
  KL0: train(real=190, gen=0) | val(real=40) | test(real=40)
  KL1: train(real=190, gen=0) | val(real=40) | test(real=40)
  KL2: train(real=190, gen=0) | val(real=40) | test(real=40)
  KL3: train(real=135, gen=55) | val(real=40) | test(real=40)
  KL4: train(real=91, gen=99) | val(real=40) | test(real=40)
[Train label counts]
  KL0: 190
  KL1: 190
  KL2: 190
  KL3: 190
  KL4: 190
[CE class weights] [1.0, 1.0, 1.0, 1.0, 1.0]
[Sampler] Using WeightedRandomSampler
[Multi-GPU] Enabling DataParallel on 2 GPUs
Epoch 001/30 | train_loss=1.5682 | train_acc=0.2958 | val_bacc=0.2000 | val_f1_macro=0.0667 | val_acc=0.2000
Epoch 005/30 | train_loss=0.7976 | train_acc=0.6611 | val_bacc=0.3200 | val_f1_macro=0.3172 | val_acc=0.3200
Epoch 010/30 | train_loss=0.5792 | train_acc=0.7726 | val_bacc=0.5100 | val_f1_macro=0.4973 | val_acc=0.5100
Epoch 015/30 | train_loss=0.3749 | train_acc=0.8737 | val_bacc=0.5300 | val_f1_macro=0.5325 | val_acc=0.5300
Epoch 020/30 | train_loss=0.2817 | train_acc=0.9147 | val_bacc=0.5150 | val_f1_macro=0.5107 | val_acc=0.5150
Epoch 025/30 | train_loss=0.2153 | train_acc=0.9442 | val_bacc=0.5250 | val_f1_macro=0.5239 | val_acc=0.5250
Epoch 030/30 | train_loss=0.2357 | train_acc=0.9253 | val_bacc=0.5350 | val_f1_macro=0.5370 | val_acc=0.5350

[Test evaluation]
Balanced Accuracy: 0.4800
F1 Macro:          0.4804
Accuracy:          0.4800
MAE:               0.6050
F1 per class:      ['0.5405', '0.2564', '0.3902', '0.5393', '0.6753']

Classification Report:
              precision    recall  f1-score   support

         KL0       0.59      0.50      0.54        40
         KL1       0.26      0.25      0.26        40
         KL2       0.38      0.40      0.39        40
         KL3       0.49      0.60      0.54        40
         KL4       0.70      0.65      0.68        40

    accuracy                           0.48       200
   macro avg       0.48      0.48      0.48       200
weighted avg       0.48      0.48      0.48       200


==========================================================================================
FINAL SUMMARY (Test Set)
==========================================================================================
Experiment       Bal.Acc  F1-Macro  Accuracy      MAE   F1-KL0   F1-KL1   F1-KL2   F1-KL3   F1-KL4
----------------------------------------------------------------------------------------------------
baseline          0.4462    0.4460    0.4462   0.7231   0.4878   0.4255   0.4000   0.3922   0.5246
traditional       0.4923    0.4895    0.4923   0.6615   0.6000   0.3182   0.4407   0.5172   0.5714
cvae              0.4850    0.4876    0.4850   0.6600   0.5432   0.3171   0.4598   0.4865   0.6316
combined          0.4800    0.4804    0.4800   0.6050   0.5405   0.2564   0.3902   0.5393   0.6753

Saved:
  Comparison plot: /usr4/cs790/hyx0516/Desktop/CS790/results_4exp_balanced/DIP/comparison.png
  Summary JSON:    /usr4/cs790/hyx0516/Desktop/CS790/results_4exp_balanced/DIP/summary_all_experiments.json
